<?xml version="1.0" encoding="UTF-8"?>
<!-- Generated by org.testng.reporters.JUnitReportReporter -->
<testsuite hostname="DESKTOP-SHA" failures="0" tests="1" name="com.ogarngesHRM.testcases.LoginTest3" time="3.457" errors="0" timestamp="2021-04-08T22:04:13 EDT" skipped="0">
  <testcase classname="com.ogarngesHRM.testcases.LoginTest3" name="login_001" time="3.457"/>
  <system-out/>
</testsuite> <!-- com.ogarngesHRM.testcases.LoginTest3 -->
