<?xml version="1.0" encoding="UTF-8"?>
<!-- Generated by org.testng.reporters.JUnitReportReporter -->
<testsuite hostname="DESKTOP-SHA" failures="0" tests="6" name="com.ogarngesHRM.testcases.CreateUserTest2" time="17.528" errors="0" timestamp="2021-03-31T23:15:16 EDT" skipped="0">
  <testcase classname="com.ogarngesHRM.testcases.CreateUserTest2" name="login_001" time="3.190"/>
  <system-out/>
  <testcase classname="com.ogarngesHRM.testcases.CreateUserTest2" name="createUser_001" time="2.613"/>
  <system-out/>
  <testcase classname="com.ogarngesHRM.testcases.CreateUserTest2" name="createUser_001" time="2.602"/>
  <system-out/>
  <testcase classname="com.ogarngesHRM.testcases.CreateUserTest2" name="createUser_001" time="2.208"/>
  <system-out/>
  <testcase classname="com.ogarngesHRM.testcases.CreateUserTest2" name="createUser_001" time="6.268"/>
  <system-out/>
  <testcase classname="com.ogarngesHRM.testcases.CreateUserTest2" name="logout_002" time="0.647"/>
  <system-out/>
</testsuite> <!-- com.ogarngesHRM.testcases.CreateUserTest2 -->
