<?xml version="1.0" encoding="UTF-8"?>
<!-- Generated by org.testng.reporters.JUnitReportReporter -->
<testsuite hostname="DESKTOP-SHA" failures="0" tests="6" name="com.ogarngesHRM.testcases.CreateUserTest2" time="20.838" errors="0" timestamp="2021-04-07T23:58:07 EDT" skipped="0">
  <testcase classname="com.ogarngesHRM.testcases.CreateUserTest2" name="login_001" time="4.903"/>
  <system-out/>
  <testcase classname="com.ogarngesHRM.testcases.CreateUserTest2" name="createUser_001" time="3.763"/>
  <system-out/>
  <testcase classname="com.ogarngesHRM.testcases.CreateUserTest2" name="createUser_001" time="3.440"/>
  <system-out/>
  <testcase classname="com.ogarngesHRM.testcases.CreateUserTest2" name="createUser_001" time="4.683"/>
  <system-out/>
  <testcase classname="com.ogarngesHRM.testcases.CreateUserTest2" name="createUser_001" time="3.198"/>
  <system-out/>
  <testcase classname="com.ogarngesHRM.testcases.CreateUserTest2" name="logout_002" time="0.851"/>
  <system-out/>
</testsuite> <!-- com.ogarngesHRM.testcases.CreateUserTest2 -->
