<?xml version="1.0" encoding="UTF-8"?>
<!-- Generated by org.testng.reporters.JUnitReportReporter -->
<testsuite hostname="DESKTOP-SHA" failures="0" tests="1" name="com.ogarngesHRM.grid.DemoSeleniumGrid" time="24.363" errors="0" timestamp="2021-04-17T16:22:34 EDT" skipped="0">
  <testcase classname="com.ogarngesHRM.grid.DemoSeleniumGrid" name="testBrowserStack" time="24.363"/>
  <system-out/>
</testsuite> <!-- com.ogarngesHRM.grid.DemoSeleniumGrid -->
