<?xml version="1.0" encoding="UTF-8"?>
<!-- Generated by org.testng.reporters.JUnitReportReporter -->
<testsuite hostname="DESKTOP-SHA" failures="0" tests="2" name="com.ogarngesHRM.testcases.LoginTest" time="4.946" errors="0" timestamp="2021-04-14T18:59:17 EDT" skipped="0">
  <testcase classname="com.ogarngesHRM.testcases.LoginTest" name="login_001" time="2.302"/>
  <system-out/>
  <testcase classname="com.ogarngesHRM.testcases.LoginTest" name="logout_002" time="2.644"/>
  <system-out/>
</testsuite> <!-- com.ogarngesHRM.testcases.LoginTest -->
