<?xml version="1.0" encoding="UTF-8"?>
<!-- Generated by org.testng.reporters.JUnitReportReporter -->
<testsuite hostname="DESKTOP-SHA" failures="0" tests="1" name="com.ogarngesHRM.testcases.LoginTest" time="2.234" errors="0" timestamp="2021-04-06T23:55:59 EDT" skipped="0">
  <testcase classname="com.ogarngesHRM.testcases.LoginTest" name="login_001" time="2.234"/>
  <system-out/>
</testsuite> <!-- com.ogarngesHRM.testcases.LoginTest -->
