<?xml version="1.0" encoding="UTF-8"?>
<!-- Generated by org.testng.reporters.JUnitReportReporter -->
<testsuite hostname="DESKTOP-SHA" failures="0" tests="2" name="com.ogarngesHRM.testcases.LoginTest" time="5.456" errors="0" timestamp="2021-04-24T16:06:32 EDT" skipped="0">
  <testcase classname="com.ogarngesHRM.testcases.LoginTest" name="login_001" time="3.780"/>
  <system-out/>
  <testcase classname="com.ogarngesHRM.testcases.LoginTest" name="logout_002" time="1.676"/>
  <system-out/>
</testsuite> <!-- com.ogarngesHRM.testcases.LoginTest -->
